<?xml version="1.0" encoding="UTF-8"?>
<coverage generated="1629111693624" clover="3.2.0">
  <project timestamp="1629111693624" name="All files">
    <metrics statements="21" coveredstatements="20" conditionals="12" coveredconditionals="9" methods="7" coveredmethods="6" elements="40" coveredelements="35" complexity="0" loc="21" ncloc="21" packages="1" files="3" classes="3"/>
    <file name="airport.js" path="/Users/floradavies/Projects/post_makers_projects/airport/src/airport.js">
      <metrics statements="17" coveredstatements="17" conditionals="9" coveredconditionals="9" methods="5" coveredmethods="5"/>
      <line num="6" count="6" type="stmt"/>
      <line num="7" count="6" type="stmt"/>
      <line num="8" count="6" type="stmt"/>
      <line num="12" count="3" type="cond" truecount="2" falsecount="0"/>
      <line num="13" count="1" type="stmt"/>
      <line num="15" count="2" type="cond" truecount="2" falsecount="0"/>
      <line num="16" count="1" type="stmt"/>
      <line num="18" count="1" type="stmt"/>
      <line num="22" count="4" type="cond" truecount="2" falsecount="0"/>
      <line num="23" count="1" type="stmt"/>
      <line num="25" count="3" type="cond" truecount="2" falsecount="0"/>
      <line num="26" count="1" type="stmt"/>
      <line num="28" count="2" type="stmt"/>
      <line num="29" count="2" type="stmt"/>
      <line num="30" count="2" type="stmt"/>
      <line num="34" count="7" type="stmt"/>
      <line num="38" count="2" type="stmt"/>
    </file>
    <file name="flight.js" path="/Users/floradavies/Projects/post_makers_projects/airport/src/flight.js">
      <metrics statements="3" coveredstatements="3" conditionals="1" coveredconditionals="0" methods="1" coveredmethods="1"/>
      <line num="5" count="3" type="stmt"/>
      <line num="7" count="3" type="stmt"/>
      <line num="8" count="3" type="stmt"/>
    </file>
    <file name="weather.js" path="/Users/floradavies/Projects/post_makers_projects/airport/src/weather.js">
      <metrics statements="1" coveredstatements="0" conditionals="2" coveredconditionals="0" methods="1" coveredmethods="0"/>
      <line num="3" count="0" type="cond" truecount="0" falsecount="2"/>
    </file>
  </project>
</coverage>
