<?xml version="1.0" encoding="UTF-8"?>
<coverage generated="1629380809730" clover="3.2.0">
  <project timestamp="1629380809730" name="All files">
    <metrics statements="26" coveredstatements="22" conditionals="16" coveredconditionals="13" methods="8" coveredmethods="6" elements="50" coveredelements="41" complexity="0" loc="26" ncloc="26" packages="1" files="3" classes="3"/>
    <file name="airport.js" path="/Users/floradavies/Projects/post_makers_projects/airport/src/airport.js">
      <metrics statements="22" coveredstatements="22" conditionals="13" coveredconditionals="13" methods="6" coveredmethods="6"/>
      <line num="5" count="24" type="stmt"/>
      <line num="6" count="24" type="stmt"/>
      <line num="7" count="24" type="stmt"/>
      <line num="11" count="4" type="cond" truecount="2" falsecount="0"/>
      <line num="12" count="1" type="stmt"/>
      <line num="14" count="3" type="cond" truecount="2" falsecount="0"/>
      <line num="15" count="1" type="stmt"/>
      <line num="17" count="2" type="cond" truecount="2" falsecount="0"/>
      <line num="18" count="1" type="stmt"/>
      <line num="21" count="1" type="stmt"/>
      <line num="25" count="7" type="cond" truecount="2" falsecount="0"/>
      <line num="26" count="1" type="stmt"/>
      <line num="28" count="6" type="cond" truecount="2" falsecount="0"/>
      <line num="29" count="1" type="stmt"/>
      <line num="31" count="5" type="cond" truecount="2" falsecount="0"/>
      <line num="32" count="1" type="stmt"/>
      <line num="35" count="4" type="stmt"/>
      <line num="36" count="4" type="stmt"/>
      <line num="37" count="4" type="stmt"/>
      <line num="41" count="9" type="stmt"/>
      <line num="45" count="3" type="stmt"/>
      <line num="49" count="9" type="stmt"/>
    </file>
    <file name="flight.js" path="/Users/floradavies/Projects/post_makers_projects/airport/src/flight.js">
      <metrics statements="3" coveredstatements="0" conditionals="1" coveredconditionals="0" methods="1" coveredmethods="0"/>
      <line num="5" count="0" type="stmt"/>
      <line num="6" count="0" type="stmt"/>
      <line num="7" count="0" type="stmt"/>
    </file>
    <file name="weather.js" path="/Users/floradavies/Projects/post_makers_projects/airport/src/weather.js">
      <metrics statements="1" coveredstatements="0" conditionals="2" coveredconditionals="0" methods="1" coveredmethods="0"/>
      <line num="3" count="0" type="cond" truecount="0" falsecount="2"/>
    </file>
  </project>
</coverage>
