TN:
SF:src/airport.js
FN:5,(anonymous_0)
FN:11,(anonymous_1)
FN:25,(anonymous_2)
FN:37,(anonymous_3)
FN:41,(anonymous_4)
FNF:5
FNH:5
FNDA:6,(anonymous_0)
FNDA:4,(anonymous_1)
FNDA:4,(anonymous_2)
FNDA:8,(anonymous_3)
FNDA:3,(anonymous_4)
DA:6,6
DA:7,6
DA:8,6
DA:12,4
DA:13,1
DA:15,3
DA:16,1
DA:18,2
DA:19,1
DA:22,1
DA:26,4
DA:27,1
DA:29,3
DA:30,1
DA:32,2
DA:33,2
DA:34,2
DA:38,8
DA:42,3
LF:19
LH:19
BRDA:5,0,0,4
BRDA:12,1,0,1
BRDA:12,1,1,3
BRDA:15,2,0,1
BRDA:15,2,1,2
BRDA:18,3,0,1
BRDA:18,3,1,1
BRDA:26,4,0,1
BRDA:26,4,1,3
BRDA:29,5,0,1
BRDA:29,5,1,2
BRF:11
BRH:11
end_of_record
TN:
SF:src/flight.js
FN:4,(anonymous_0)
FNF:1
FNH:1
FNDA:4,(anonymous_0)
DA:5,4
DA:7,4
DA:8,4
LF:3
LH:3
BRDA:4,0,0,0
BRF:1
BRH:0
end_of_record
TN:
SF:src/weather.js
FN:2,(anonymous_0)
FNF:1
FNH:0
FNDA:0,(anonymous_0)
DA:3,0
LF:1
LH:0
BRDA:3,0,0,0
BRDA:3,0,1,0
BRF:2
BRH:0
end_of_record
